Preparing worktree (new branch 'gh-pages')
HEAD is now at c0cbbe4 Add Vessel Bapfile detail page + dashboard + backend (target_port dedup)
rm '.codebuddy/automations/alphaliner-intelligence-digest-2/memory.md'
rm '.codebuddy/automations/alphaliner-intelligence-digest-3/memory.md'
rm '.codebuddy/automations/alphaliner-intelligence-digest-5/memory.md'
rm '.codebuddy/automations/alphaliner-intelligence-digest-6/memory.md'
rm '.workbuddy/automations/alphaliner-intelligence-digest-2/memory.md'
rm '.workbuddy/automations/alphaliner-intelligence-digest-3/memory.md'
rm '.workbuddy/memory/2026-05-18.md'
rm '.workbuddy/memory/2026-05-25.md'
rm '.workbuddy/memory/2026-06-01.md'
rm '.workbuddy/memory/2026-06-08.md'
rm '.workbuddy/memory/2026-06-17.md'
rm '.workbuddy/memory/2026-06-18.md'
rm '.workbuddy/memory/2026-06-22.md'
rm '.workbuddy/memory/MEMORY.md'
rm 'CUL_DAILY_MOVEMENT_20260517.csv'
rm 'CUL_DAILY_MOVEMENT_Dashboard.html'
rm 'CUL_Dashboard_v5.html'
rm 'Vessel_Bapfile_Dashboard.html'
rm '_find_alphaliner.ps1'
rm '_gen_digest_wk21.py'
rm '_git_push.bat'
rm '_send_email_wk21.py'
rm '_temp_alphaliner_result.txt'
rm '_temp_alphaliner_search.py'
rm '_temp_email_err.txt'
rm '_temp_email_out.txt'
rm '_temp_err.txt'
rm '_temp_find_key.py'
rm '_temp_git_err.txt'
rm '_temp_git_out.txt'
rm '_temp_git_push.py'
rm '_temp_out.txt'
rm '_temp_outlook_search.py'
rm '_temp_output.txt'
rm '_temp_pip_out.txt'
rm '_temp_scfi_result.txt'
rm '_temp_search_alphaliner.py'
rm '_temp_search_alphaliner_wk22.py'
rm '_temp_search_alphaliner_wk23.py'
rm '_temp_search_outlook_simple.py'
rm '_temp_send_email.py'
rm '_temp_send_email_wk22.py'
rm '_temp_send_email_wk23.py'
rm 'agg.json'
rm 'bapfile_detail.html'
rm 'build_dashboard.py'
rm 'container_dangerous_goods_accidents.html'
rm 'cul_daily_movement.html'
rm 'gen_html.py'
rm 'long_term_schedule_data.js'
rm 'long_term_schedule_data.json'
rm 'long_term_schedule_data_v2.js'
rm 'long_term_schedule_data_v3.js'
rm 'port_distances.js'
rm 'process_all.py'
rm 'reports/alphaliner-digest-2026-18.html'
rm 'reports/alphaliner-digest.html'
rm 'reports/alphaliner-intelligence-digest-2026-04-14.html'
rm 'reports/alphaliner-intelligence-digest-wk14-2026.html'
rm 'reports/alphaliner-intelligence-digest-wk16-2026.html'
rm 'reports/alphaliner-intelligence-digest-wk17-2026.html'
rm 'reports/alphaliner-intelligence-digest-wk18-2026.html'
rm 'reports/alphaliner-intelligence-digest-wk19-2026.html'
rm 'reports/alphaliner-intelligence-digest-wk20-2026.html'
rm 'reports/alphaliner-intelligence-digest-wk21-2026.html'
rm 'reports/alphaliner-intelligence-digest-wk22-2026.html'
rm 'reports/alphaliner-intelligence-digest-wk23-2026.html'
rm 'reports/alphaliner-intelligence-digest-wk24-2026.html'
rm 'reports/alphaliner-intelligence-digest-wk25-2026.html'
rm 'reports/alphaliner-intelligence-digest-wk26-2026.html'
rm 'reports/alphaliner-intelligence-digest-wk27-2026.html'
rm 'reports/alphaliner-intelligence-digest-wk28-2026.html'
rm 'reports/alphaliner-intelligence-digest.html'
rm 'reports/bunker-fuel-report-2026-03-23.html'
rm 'reports/bunker-fuel-report-2026-03-24.html'
rm 'reports/bunker-fuel-report-2026-03-25.html'
rm 'reports/bunker-fuel-report-2026-03-26.html'
rm 'reports/bunker-fuel-report-2026-03-27.html'
rm 'reports/bunker-fuel-report-2026-03-30.html'
rm 'reports/bunker-fuel-report-2026-03-31.html'
rm 'reports/bunker-fuel-report-2026-04-01.html'
rm 'reports/bunker-fuel-report-2026-04-03.html'
rm 'reports/bunker-fuel-report-2026-04-07.html'
rm 'reports/bunker-fuel-report-2026-04-08.html'
rm 'reports/bunker-fuel-report-2026-04-09.html'
rm 'reports/bunker-fuel-report-2026-04-10.html'
rm 'reports/bunker-fuel-report-2026-04-13.html'
rm 'reports/bunker-fuel-report-2026-04-14.html'
rm 'reports/bunker-fuel-report-2026-04-15.html'
rm 'reports/bunker-fuel-report-2026-04-23.html'
rm 'reports/bunker-fuel-report-2026-04-24.html'
rm 'reports/bunker-fuel-report-2026-04-25.html'
rm 'reports/bunker-fuel-report-2026-04-27.html'
rm 'reports/bunker-fuel-report-2026-04-28.html'
rm 'reports/bunker-fuel-report-2026-04-29.html'
rm 'reports/bunker-fuel-report-2026-04-30.html'
rm 'reports/bunker-fuel-report-2026-05-01.html'
rm 'reports/bunker-fuel-report-2026-05-04.html'
rm 'reports/bunker-fuel-report-2026-05-05.html'
rm 'reports/bunker-fuel-report-2026-05-06.html'
rm 'reports/bunker-fuel-report-2026-05-07.html'
rm 'reports/bunker-fuel-report-2026-05-08.html'
rm 'reports/bunker-fuel-report-2026-05-11.html'
rm 'reports/bunker-fuel-report-2026-05-12.html'
rm 'reports/bunker-fuel-report-2026-05-13.html'
rm 'reports/bunker-fuel-report-2026-05-14.html'
rm 'reports/bunker-fuel-report-2026-05-15.html'
rm 'reports/bunker-fuel-report-2026-05-18.html'
rm 'reports/bunker-fuel-report-2026-05-19.html'
rm 'reports/bunker-fuel-report-2026-05-20.html'
rm 'reports/bunker-fuel-report-2026-05-21.html'
rm 'reports/bunker-fuel-report-2026-05-22.html'
rm 'reports/bunker-fuel-report-2026-05-25.html'
rm 'reports/bunker-fuel-report-2026-05-26.html'
rm 'reports/bunker-fuel-report-2026-05-27.html'
rm 'reports/bunker-fuel-report-2026-05-28.html'
rm 'reports/bunker-fuel-report-2026-05-29.html'
rm 'reports/bunker-fuel-report-2026-06-01.html'
rm 'reports/bunker-fuel-report-2026-06-02.html'
rm 'reports/bunker-fuel-report-2026-06-03.html'
rm 'reports/bunker-fuel-report-2026-06-04.html'
rm 'reports/bunker-fuel-report-2026-06-05.html'
rm 'reports/bunker-fuel-report-2026-06-08.html'
rm 'reports/bunker-fuel-report-2026-06-09.html'
rm 'reports/bunker-fuel-report-2026-06-10.html'
rm 'reports/bunker-fuel-report-2026-06-17.html'
rm 'reports/bunker-fuel-report-2026-06-18.html'
rm 'reports/bunker-fuel-report-2026-06-19.html'
rm 'reports/bunker-fuel-report-2026-06-22.html'
rm 'reports/bunker-fuel-report-2026-06-23.html'
rm 'reports/bunker-fuel-report-2026-06-24.html'
rm 'reports/bunker-fuel-report-2026-06-25.html'
rm 'reports/bunker-fuel-report-2026-06-26.html'
rm 'reports/bunker-fuel-report-2026-06-29.html'
rm 'reports/bunker-fuel-report-2026-06-30.html'
rm 'reports/bunker-fuel-report-2026-07-01.html'
rm 'reports/bunker-fuel-report-2026-07-02.html'
rm 'reports/bunker-fuel-report-2026-07-03.html'
rm 'reports/bunker-fuel-report-2026-07-06.html'
rm 'reports/bunker-fuel-report-2026-07-07.html'
rm 'reports/bunker-fuel-report-2026-07-08.html'
rm 'reports/bunker-fuel-report-2026-07-09.html'
rm 'reports/bunker-fuel-report-2026-07-10.html'
rm 'reports/bunker-fuel-report-2026-07-13.html'
rm 'reports/bunker-fuel-report-2026-07-14.html'
rm 'reports/bunker-fuel-report.html'
rm 'reports/customer_analysis_report_2026-v2.html'
rm 'reports/customer_analysis_report_2026-v3.html'
rm 'reports/customer_analysis_report_2026.html'
rm 'reports/customer_report-2026-03-27.html'
rm 'reports/customer_report-2026-03-27.pdf'
rm 'reports/daily-brief-2026-03-31.html'
rm 'reports/daily-brief-2026-04-01.html'
rm 'reports/daily-shipping-brief-2026-04-14.html'
rm 'reports/freight-rate-report-2026-03-23.html'
rm 'reports/freight-rate-report-2026-03-24.html'
rm 'reports/freight-rate-report-2026-03-25.html'
rm 'reports/freight-rate-report-2026-03-26.html'
rm 'reports/freight-rate-report-2026-03-27.html'
rm 'reports/freight-rate-report-2026-03-30.html'
rm 'reports/freight-rate-report-2026-03-31.html'
rm 'reports/freight-rate-report-2026-04-01.html'
rm 'reports/freight-rate-report-2026-04-07.html'
rm 'reports/freight-rate-report-2026-04-08.html'
rm 'reports/freight-rate-report-2026-04-09.html'
rm 'reports/freight-rate-report-2026-04-10.html'
rm 'reports/fuel-price-forecast-2026.html'
rm 'reports/index.html'
rm 'reports/khor-fakkan-market-report-2026-03-27.html'
rm 'reports/oil-price-report-2026-03-20.html'
rm 'reports/port-congestion-report-2026-04-09.html'
rm 'reports/port-congestion-targeted-report-2026-04-09.html'
rm 'reports/route-market-report-2026-03-27.html'
rm 'reports/route-market-report-2026-03-27.pdf'
rm 'reports/shanghai-travel-guide.html'
rm 'reports/shipping-news-2026-03-20.html'
rm 'reports/shipping-news-2026-03-23.html'
rm 'reports/shipping-news-2026-03-24.html'
rm 'reports/shipping-news-2026-03-25.html'
rm 'reports/shipping-news-2026-03-26.html'
rm 'reports/shipping-news-2026-03-27.html'
rm 'reports/shipping-news-2026-03-30.html'
rm 'reports/shipping-news-2026-03-31.html'
rm 'reports/shipping-news-2026-04-01.html'
rm 'reports/shipping-news-2026-04-07.html'
rm 'reports/shipping-news-2026-04-08.html'
rm 'reports/shipping-news-2026-04-10.html'
rm 'reports/shipping-schedule.html'
rm 'server.py'
rm 'shipping-news-2026-03-24.html'
[gh-pages 4b65aa4] init gh-pages
 190 files changed, 106972 deletions(-)
 delete mode 100644 .codebuddy/automations/alphaliner-intelligence-digest-2/memory.md
 delete mode 100644 .codebuddy/automations/alphaliner-intelligence-digest-3/memory.md
 delete mode 100644 .codebuddy/automations/alphaliner-intelligence-digest-5/memory.md
 delete mode 100644 .codebuddy/automations/alphaliner-intelligence-digest-6/memory.md
 delete mode 100644 .workbuddy/automations/alphaliner-intelligence-digest-2/memory.md
 delete mode 100644 .workbuddy/automations/alphaliner-intelligence-digest-3/memory.md
 delete mode 100644 .workbuddy/memory/2026-05-18.md
 delete mode 100644 .workbuddy/memory/2026-05-25.md
 delete mode 100644 .workbuddy/memory/2026-06-01.md
 delete mode 100644 .workbuddy/memory/2026-06-08.md
 delete mode 100644 .workbuddy/memory/2026-06-17.md
 delete mode 100644 .workbuddy/memory/2026-06-18.md
 delete mode 100644 .workbuddy/memory/2026-06-22.md
 delete mode 100644 .workbuddy/memory/MEMORY.md
 delete mode 100644 CUL_DAILY_MOVEMENT_20260517.csv
 delete mode 100644 CUL_DAILY_MOVEMENT_Dashboard.html
 delete mode 100644 CUL_Dashboard_v5.html
 delete mode 100644 Vessel_Bapfile_Dashboard.html
 delete mode 100644 _find_alphaliner.ps1
 delete mode 100644 _gen_digest_wk21.py
 delete mode 100644 _git_push.bat
 delete mode 100644 _send_email_wk21.py
 delete mode 100644 _temp_alphaliner_result.txt
 delete mode 100644 _temp_alphaliner_search.py
 delete mode 100644 _temp_email_err.txt
 delete mode 100644 _temp_email_out.txt
 delete mode 100644 _temp_err.txt
 delete mode 100644 _temp_find_key.py
 delete mode 100644 _temp_git_err.txt
 delete mode 100644 _temp_git_out.txt
 delete mode 100644 _temp_git_push.py
 delete mode 100644 _temp_out.txt
 delete mode 100644 _temp_outlook_search.py
 delete mode 100644 _temp_output.txt
 delete mode 100644 _temp_pip_out.txt
 delete mode 100644 _temp_scfi_result.txt
 delete mode 100644 _temp_search_alphaliner.py
 delete mode 100644 _temp_search_alphaliner_wk22.py
 delete mode 100644 _temp_search_alphaliner_wk23.py
 delete mode 100644 _temp_search_outlook_simple.py
 delete mode 100644 _temp_send_email.py
 delete mode 100644 _temp_send_email_wk22.py
 delete mode 100644 _temp_send_email_wk23.py
 delete mode 100644 agg.json
 delete mode 100644 bapfile_detail.html
 delete mode 100644 build_dashboard.py
 delete mode 100644 container_dangerous_goods_accidents.html
 delete mode 100644 cul_daily_movement.html
 delete mode 100644 gen_html.py
 delete mode 100644 long_term_schedule_data.js
 delete mode 100644 long_term_schedule_data.json
 delete mode 100644 long_term_schedule_data_v2.js
 delete mode 100644 long_term_schedule_data_v3.js
 delete mode 100644 port_distances.js
 delete mode 100644 process_all.py
 delete mode 100644 reports/alphaliner-digest-2026-18.html
 delete mode 100644 reports/alphaliner-digest.html
 delete mode 100644 reports/alphaliner-intelligence-digest-2026-04-14.html
 delete mode 100644 reports/alphaliner-intelligence-digest-wk14-2026.html
 delete mode 100644 reports/alphaliner-intelligence-digest-wk16-2026.html
 delete mode 100644 reports/alphaliner-intelligence-digest-wk17-2026.html
 delete mode 100644 reports/alphaliner-intelligence-digest-wk18-2026.html
 delete mode 100644 reports/alphaliner-intelligence-digest-wk19-2026.html
 delete mode 100644 reports/alphaliner-intelligence-digest-wk20-2026.html
 delete mode 100644 reports/alphaliner-intelligence-digest-wk21-2026.html
 delete mode 100644 reports/alphaliner-intelligence-digest-wk22-2026.html
 delete mode 100644 reports/alphaliner-intelligence-digest-wk23-2026.html
 delete mode 100644 reports/alphaliner-intelligence-digest-wk24-2026.html
 delete mode 100644 reports/alphaliner-intelligence-digest-wk25-2026.html
 delete mode 100644 reports/alphaliner-intelligence-digest-wk26-2026.html
 delete mode 100644 reports/alphaliner-intelligence-digest-wk27-2026.html
 delete mode 100644 reports/alphaliner-intelligence-digest-wk28-2026.html
 delete mode 100644 reports/alphaliner-intelligence-digest.html
 delete mode 100644 reports/bunker-fuel-report-2026-03-23.html
 delete mode 100644 reports/bunker-fuel-report-2026-03-24.html
 delete mode 100644 reports/bunker-fuel-report-2026-03-25.html
 delete mode 100644 reports/bunker-fuel-report-2026-03-26.html
 delete mode 100644 reports/bunker-fuel-report-2026-03-27.html
 delete mode 100644 reports/bunker-fuel-report-2026-03-30.html
 delete mode 100644 reports/bunker-fuel-report-2026-03-31.html
 delete mode 100644 reports/bunker-fuel-report-2026-04-01.html
 delete mode 100644 reports/bunker-fuel-report-2026-04-03.html
 delete mode 100644 reports/bunker-fuel-report-2026-04-07.html
 delete mode 100644 reports/bunker-fuel-report-2026-04-08.html
 delete mode 100644 reports/bunker-fuel-report-2026-04-09.html
 delete mode 100644 reports/bunker-fuel-report-2026-04-10.html
 delete mode 100644 reports/bunker-fuel-report-2026-04-13.html
 delete mode 100644 reports/bunker-fuel-report-2026-04-14.html
 delete mode 100644 reports/bunker-fuel-report-2026-04-15.html
 delete mode 100644 reports/bunker-fuel-report-2026-04-23.html
 delete mode 100644 reports/bunker-fuel-report-2026-04-24.html
 delete mode 100644 reports/bunker-fuel-report-2026-04-25.html
 delete mode 100644 reports/bunker-fuel-report-2026-04-27.html
 delete mode 100644 reports/bunker-fuel-report-2026-04-28.html
 delete mode 100644 reports/bunker-fuel-report-2026-04-29.html
 delete mode 100644 reports/bunker-fuel-report-2026-04-30.html
 delete mode 100644 reports/bunker-fuel-report-2026-05-01.html
 delete mode 100644 reports/bunker-fuel-report-2026-05-04.html
 delete mode 100644 reports/bunker-fuel-report-2026-05-05.html
 delete mode 100644 reports/bunker-fuel-report-2026-05-06.html
 delete mode 100644 reports/bunker-fuel-report-2026-05-07.html
 delete mode 100644 reports/bunker-fuel-report-2026-05-08.html
 delete mode 100644 reports/bunker-fuel-report-2026-05-11.html
 delete mode 100644 reports/bunker-fuel-report-2026-05-12.html
 delete mode 100644 reports/bunker-fuel-report-2026-05-13.html
 delete mode 100644 reports/bunker-fuel-report-2026-05-14.html
 delete mode 100644 reports/bunker-fuel-report-2026-05-15.html
 delete mode 100644 reports/bunker-fuel-report-2026-05-18.html
 delete mode 100644 reports/bunker-fuel-report-2026-05-19.html
 delete mode 100644 reports/bunker-fuel-report-2026-05-20.html
 delete mode 100644 reports/bunker-fuel-report-2026-05-21.html
 delete mode 100644 reports/bunker-fuel-report-2026-05-22.html
 delete mode 100644 reports/bunker-fuel-report-2026-05-25.html
 delete mode 100644 reports/bunker-fuel-report-2026-05-26.html
 delete mode 100644 reports/bunker-fuel-report-2026-05-27.html
 delete mode 100644 reports/bunker-fuel-report-2026-05-28.html
 delete mode 100644 reports/bunker-fuel-report-2026-05-29.html
 delete mode 100644 reports/bunker-fuel-report-2026-06-01.html
 delete mode 100644 reports/bunker-fuel-report-2026-06-02.html
 delete mode 100644 reports/bunker-fuel-report-2026-06-03.html
 delete mode 100644 reports/bunker-fuel-report-2026-06-04.html
 delete mode 100644 reports/bunker-fuel-report-2026-06-05.html
 delete mode 100644 reports/bunker-fuel-report-2026-06-08.html
 delete mode 100644 reports/bunker-fuel-report-2026-06-09.html
 delete mode 100644 reports/bunker-fuel-report-2026-06-10.html
 delete mode 100644 reports/bunker-fuel-report-2026-06-17.html
 delete mode 100644 reports/bunker-fuel-report-2026-06-18.html
 delete mode 100644 reports/bunker-fuel-report-2026-06-19.html
 delete mode 100644 reports/bunker-fuel-report-2026-06-22.html
 delete mode 100644 reports/bunker-fuel-report-2026-06-23.html
 delete mode 100644 reports/bunker-fuel-report-2026-06-24.html
 delete mode 100644 reports/bunker-fuel-report-2026-06-25.html
 delete mode 100644 reports/bunker-fuel-report-2026-06-26.html
 delete mode 100644 reports/bunker-fuel-report-2026-06-29.html
 delete mode 100644 reports/bunker-fuel-report-2026-06-30.html
 delete mode 100644 reports/bunker-fuel-report-2026-07-01.html
 delete mode 100644 reports/bunker-fuel-report-2026-07-02.html
 delete mode 100644 reports/bunker-fuel-report-2026-07-03.html
 delete mode 100644 reports/bunker-fuel-report-2026-07-06.html
 delete mode 100644 reports/bunker-fuel-report-2026-07-07.html
 delete mode 100644 reports/bunker-fuel-report-2026-07-08.html
 delete mode 100644 reports/bunker-fuel-report-2026-07-09.html
 delete mode 100644 reports/bunker-fuel-report-2026-07-10.html
 delete mode 100644 reports/bunker-fuel-report-2026-07-13.html
 delete mode 100644 reports/bunker-fuel-report-2026-07-14.html
 delete mode 100644 reports/bunker-fuel-report.html
 delete mode 100644 reports/customer_analysis_report_2026-v2.html
 delete mode 100644 reports/customer_analysis_report_2026-v3.html
 delete mode 100644 reports/customer_analysis_report_2026.html
 delete mode 100644 reports/customer_report-2026-03-27.html
 delete mode 100644 reports/customer_report-2026-03-27.pdf
 delete mode 100644 reports/daily-brief-2026-03-31.html
 delete mode 100644 reports/daily-brief-2026-04-01.html
 delete mode 100644 reports/daily-shipping-brief-2026-04-14.html
 delete mode 100644 reports/freight-rate-report-2026-03-23.html
 delete mode 100644 reports/freight-rate-report-2026-03-24.html
 delete mode 100644 reports/freight-rate-report-2026-03-25.html
 delete mode 100644 reports/freight-rate-report-2026-03-26.html
 delete mode 100644 reports/freight-rate-report-2026-03-27.html
 delete mode 100644 reports/freight-rate-report-2026-03-30.html
 delete mode 100644 reports/freight-rate-report-2026-03-31.html
 delete mode 100644 reports/freight-rate-report-2026-04-01.html
 delete mode 100644 reports/freight-rate-report-2026-04-07.html
 delete mode 100644 reports/freight-rate-report-2026-04-08.html
 delete mode 100644 reports/freight-rate-report-2026-04-09.html
 delete mode 100644 reports/freight-rate-report-2026-04-10.html
 delete mode 100644 reports/fuel-price-forecast-2026.html
 delete mode 100644 reports/index.html
 delete mode 100644 reports/khor-fakkan-market-report-2026-03-27.html
 delete mode 100644 reports/oil-price-report-2026-03-20.html
 delete mode 100644 reports/port-congestion-report-2026-04-09.html
 delete mode 100644 reports/port-congestion-targeted-report-2026-04-09.html
 delete mode 100644 reports/route-market-report-2026-03-27.html
 delete mode 100644 reports/route-market-report-2026-03-27.pdf
 delete mode 100644 reports/shanghai-travel-guide.html
 delete mode 100644 reports/shipping-news-2026-03-20.html
 delete mode 100644 reports/shipping-news-2026-03-23.html
 delete mode 100644 reports/shipping-news-2026-03-24.html
 delete mode 100644 reports/shipping-news-2026-03-25.html
 delete mode 100644 reports/shipping-news-2026-03-26.html
 delete mode 100644 reports/shipping-news-2026-03-27.html
 delete mode 100644 reports/shipping-news-2026-03-30.html
 delete mode 100644 reports/shipping-news-2026-03-31.html
 delete mode 100644 reports/shipping-news-2026-04-01.html
 delete mode 100644 reports/shipping-news-2026-04-07.html
 delete mode 100644 reports/shipping-news-2026-04-08.html
 delete mode 100644 reports/shipping-news-2026-04-10.html
 delete mode 100644 reports/shipping-schedule.html
 delete mode 100644 server.py
 delete mode 100644 shipping-news-2026-03-24.html
